INFO Mon Oct 30 2017 16:56:34 GMT+0100 (CET) Users API: request from IP ::1 to list all users succeeded
INFO Mon Oct 30 2017 16:56:38 GMT+0100 (CET) Users API: request from IP ::1 to create a user jack succeeded
INFO Mon Oct 30 2017 16:56:45 GMT+0100 (CET) Users API: request from IP ::1 to create a user john succeeded
INFO Mon Oct 30 2017 16:56:50 GMT+0100 (CET) Users API: request from IP ::1 to create a user james succeeded
INFO Mon Oct 30 2017 16:56:58 GMT+0100 (CET) Users API: request from IP ::1 to create a user jana succeeded
INFO Mon Oct 30 2017 16:57:10 GMT+0100 (CET) Users API: request from IP ::1 to create a user johan succeeded
INFO Mon Oct 30 2017 16:57:15 GMT+0100 (CET) Users API: request from IP ::1 to create a user kevin succeeded
INFO Mon Oct 30 2017 16:57:24 GMT+0100 (CET) Users API: request from IP ::1 to create a user ricardo succeeded
INFO Mon Oct 30 2017 16:57:30 GMT+0100 (CET) Users API: request from IP ::1 to create a user soledad succeeded
INFO Mon Oct 30 2017 16:57:34 GMT+0100 (CET) Users API: request from IP ::1 to create a user gemma succeeded
INFO Mon Oct 30 2017 16:57:40 GMT+0100 (CET) Users API: request from IP ::1 to create a user pablo succeeded
INFO Mon Oct 30 2017 16:57:45 GMT+0100 (CET) Users API: request from IP ::1 to create a user sergi succeeded
INFO Mon Oct 30 2017 16:57:52 GMT+0100 (CET) Users API: request from IP ::1 to create a user viktor succeeded
INFO Mon Oct 30 2017 16:58:02 GMT+0100 (CET) Users API: request from IP ::1 to create a user enric succeeded
INFO Mon Oct 30 2017 16:58:07 GMT+0100 (CET) Users API: request from IP ::1 to create a user michel succeeded
INFO Mon Oct 30 2017 16:58:12 GMT+0100 (CET) Users API: request from IP ::1 to create a user pau succeeded
INFO Mon Oct 30 2017 16:58:17 GMT+0100 (CET) Users API: request from IP ::1 to create a user marc succeeded
INFO Mon Oct 30 2017 16:58:21 GMT+0100 (CET) Users API: request from IP ::1 to create a user manuel succeeded
INFO Mon Oct 30 2017 16:58:25 GMT+0100 (CET) Users API: request from IP ::1 to list all users succeeded
INFO Mon Oct 30 2017 16:59:58 GMT+0100 (CET) Users API: request from IP ::1 to list all users succeeded
